C51 COMPILER V9.00   DELAY                                                                 08/20/2013 17:32:51 PAGE 1   


C51 COMPILER V9.00, COMPILATION OF MODULE DELAY
OBJECT MODULE PLACED IN delay.OBJ
COMPILER INVOKED BY: D:\Program Files (x86)\Keil\C51\BIN\C51.EXE delay.c BROWSE INCDIR(..\【高能】60s2常见功能的顶级封装
                    -) DEBUG OBJECTEXTEND

line level    source

   1          #include<stc12c5a60s2.h>
   2          #include<delay.h>
   3          #define uint unsigned int 
   4          #define uchar unsigned char
   5          void delay(uint z){
   6   1              uint x,y,i;
   7   1              for(i=0;i<8;i++){
   8   2                      for(x=z;x>0;x--){
   9   3                              for(y=110;y>0;y--);
  10   3                      }
  11   2              }
  12   1      }
  13          void delay_us(uint z){
  14   1              uint i,j;
  15   1              for(i=0;i<8;i++){
  16   2                       for(j=0;j<z;j++){
  17   3                                 _nop_();
  18   3                       }
  19   2              }
  20   1      }


MODULE INFORMATION:   STATIC OVERLAYABLE
   CODE SIZE        =     85    ----
   CONSTANT SIZE    =   ----    ----
   XDATA SIZE       =   ----    ----
   PDATA SIZE       =   ----    ----
   DATA SIZE        =   ----    ----
   IDATA SIZE       =   ----    ----
   BIT SIZE         =   ----    ----
END OF MODULE INFORMATION.


C51 COMPILATION COMPLETE.  0 WARNING(S),  0 ERROR(S)
